<?xml version="1.0" encoding="UTF-8"?>
<!-- Generated by org.testng.reporters.JUnitReportReporter -->
<testsuite hostname="BDC7-L-1Z7XLV1" name="mwo.tests.LoginTests" tests="1" failures="0" timestamp="3 Feb 2017 16:50:03 GMT" time="117.545" errors="0">
  <testcase name="scrollTest" time="117.545" classname="mwo.tests.LoginTests"/>
</testsuite> <!-- mwo.tests.LoginTests -->
