<?xml version="1.0" encoding="UTF-8"?>
<!-- Generated by org.testng.reporters.JUnitReportReporter -->
<testsuite hostname="BDC7-L-1Z7XLV1" name="mwo.tests.GPMergeTests" tests="2" failures="0" timestamp="6 Jun 2017 09:15:34 GMT" time="546.711" errors="0">
  <testcase name="CreateNewWOFromClient" time="232.363" classname="mwo.tests.GPMergeTests"/>
  <testcase name="addExpenseClaimToTheWO" time="314.348" classname="mwo.tests.GPMergeTests"/>
</testsuite> <!-- mwo.tests.GPMergeTests -->
