<?xml version="1.0" encoding="UTF-8"?>
<!-- Generated by org.testng.reporters.JUnitReportReporter -->
<testsuite hostname="BDC7-L-1Z7XLV1" name="mwo.tests.LoginTests" tests="1" failures="0" timestamp="20 Mar 2017 14:07:23 GMT" time="206.933" errors="0">
  <testcase name="suspendWorkOrder" time="206.933" classname="mwo.tests.LoginTests"/>
</testsuite> <!-- mwo.tests.LoginTests -->
