<?xml version="1.0" encoding="UTF-8"?>
<!-- Generated by org.testng.reporters.JUnitReportReporter -->
<testsuite hostname="BDC7-L-1Z7XLV1" name="mwo.tests.LoginTests" tests="1" failures="0" timestamp="3 Feb 2017 16:22:40 GMT" time="123.117" errors="1">
  <testcase name="scrollTest" time="123.117" classname="mwo.tests.LoginTests">
    <error type="org.openqa.selenium.WebDriverException" message="An unknown server-side error occurred while processing the command. (WARNING: The server did not provide any stacktrace information)
Command duration or timeout: 180 milliseconds
Build info: version: &#039;2.53.0&#039;, revision: &#039;35ae25b&#039;, time: &#039;2016-03-15 16:57:40&#039;
System info: host: &#039;BDC7-L-1Z7XLV1&#039;, ip: &#039;192.168.56.1&#039;, os.name: &#039;Windows 7&#039;, os.arch: &#039;x86&#039;, os.version: &#039;6.1&#039;, java.version: &#039;1.8.0_60&#039;
Driver info: io.appium.java_client.android.AndroidDriver
Capabilities [{appPackage=com.ifsworld.mworkorderapps9, networkConnectionEnabled=true, warnings={}, appWaitPackage=com.ifsworld.mworkorderapps9, databaseEnabled=false, version=, deviceName=701014be, fullReset=false, platform=ANDROID, deviceUDID=701014be, appActivity=com.ifsworld.mworkorder.LauncherActivity, desired={appPackage=com.ifsworld.mworkorderapps9, appWaitPackage=com.ifsworld.mworkorderapps9, version=, deviceName=701014be, fullReset=false, platform=ANDROID, appActivity=com.ifsworld.mworkorder.LauncherActivity, platformVersion=5.0.1, automationName=Appium, browserName=android, takesScreenshot=true, platformName=Android, autoAcceptAlerts=true}, platformVersion=5.0.1, webStorageEnabled=false, locationContextEnabled=false, automationName=Appium, takesScreenshot=true, browserName=android, javascriptEnabled=true, platformName=Android, autoAcceptAlerts=true}]
Session ID: 15dafe1c-aeed-471e-8870-2fd3bb28f1ad">
      <![CDATA[org.openqa.selenium.WebDriverException: An unknown server-side error occurred while processing the command. (WARNING: The server did not provide any stacktrace information)
Command duration or timeout: 180 milliseconds
Build info: version: '2.53.0', revision: '35ae25b', time: '2016-03-15 16:57:40'
System info: host: 'BDC7-L-1Z7XLV1', ip: '192.168.56.1', os.name: 'Windows 7', os.arch: 'x86', os.version: '6.1', java.version: '1.8.0_60'
Driver info: io.appium.java_client.android.AndroidDriver
Capabilities [{appPackage=com.ifsworld.mworkorderapps9, networkConnectionEnabled=true, warnings={}, appWaitPackage=com.ifsworld.mworkorderapps9, databaseEnabled=false, version=, deviceName=701014be, fullReset=false, platform=ANDROID, deviceUDID=701014be, appActivity=com.ifsworld.mworkorder.LauncherActivity, desired={appPackage=com.ifsworld.mworkorderapps9, appWaitPackage=com.ifsworld.mworkorderapps9, version=, deviceName=701014be, fullReset=false, platform=ANDROID, appActivity=com.ifsworld.mworkorder.LauncherActivity, platformVersion=5.0.1, automationName=Appium, browserName=android, takesScreenshot=true, platformName=Android, autoAcceptAlerts=true}, platformVersion=5.0.1, webStorageEnabled=false, locationContextEnabled=false, automationName=Appium, takesScreenshot=true, browserName=android, javascriptEnabled=true, platformName=Android, autoAcceptAlerts=true}]
Session ID: 15dafe1c-aeed-471e-8870-2fd3bb28f1ad
	at sun.reflect.NativeConstructorAccessorImpl.newInstance0(Native Method)
	at sun.reflect.NativeConstructorAccessorImpl.newInstance(NativeConstructorAccessorImpl.java:62)
	at sun.reflect.DelegatingConstructorAccessorImpl.newInstance(DelegatingConstructorAccessorImpl.java:45)
	at java.lang.reflect.Constructor.newInstance(Constructor.java:422)
	at org.openqa.selenium.remote.ErrorHandler.createThrowable(ErrorHandler.java:206)
	at org.openqa.selenium.remote.ErrorHandler.throwIfResponseFailed(ErrorHandler.java:158)
	at org.openqa.selenium.remote.RemoteWebDriver.execute(RemoteWebDriver.java:678)
	at io.appium.java_client.DefaultGenericMobileDriver.execute(DefaultGenericMobileDriver.java:43)
	at io.appium.java_client.AppiumDriver.execute(AppiumDriver.java:1)
	at io.appium.java_client.android.AndroidDriver.execute(AndroidDriver.java:1)
	at io.appium.java_client.AppiumDriver.performTouchAction(AppiumDriver.java:316)
	at io.appium.java_client.TouchAction.perform(TouchAction.java:318)
	at mwo.pages.CustomerSignaturePage.drawSignOntheCanvas(Unknown Source)
	at mwo.tests.LoginTests.scrollTest(Unknown Source)
	at sun.reflect.NativeMethodAccessorImpl.invoke0(Native Method)
	at sun.reflect.NativeMethodAccessorImpl.invoke(NativeMethodAccessorImpl.java:62)
	at sun.reflect.DelegatingMethodAccessorImpl.invoke(DelegatingMethodAccessorImpl.java:43)
	at java.lang.reflect.Method.invoke(Method.java:497)
	at org.testng.internal.MethodInvocationHelper.invokeMethod(MethodInvocationHelper.java:85)
	at org.testng.internal.Invoker.invokeMethod(Invoker.java:639)
	at org.testng.internal.Invoker.invokeTestMethod(Invoker.java:816)
	at org.testng.internal.Invoker.invokeTestMethods(Invoker.java:1124)
	at org.testng.internal.TestMethodWorker.invokeTestMethods(TestMethodWorker.java:125)
	at org.testng.internal.TestMethodWorker.run(TestMethodWorker.java:108)
	at org.testng.TestRunner.privateRun(TestRunner.java:774)
	at org.testng.TestRunner.run(TestRunner.java:624)
	at org.testng.SuiteRunner.runTest(SuiteRunner.java:359)
	at org.testng.SuiteRunner.runSequentially(SuiteRunner.java:354)
	at org.testng.SuiteRunner.privateRun(SuiteRunner.java:312)
	at org.testng.SuiteRunner.run(SuiteRunner.java:261)
	at org.testng.SuiteRunnerWorker.runSuite(SuiteRunnerWorker.java:52)
	at org.testng.SuiteRunnerWorker.run(SuiteRunnerWorker.java:86)
	at org.testng.TestNG.runSuitesSequentially(TestNG.java:1215)
	at org.testng.TestNG.runSuitesLocally(TestNG.java:1140)
	at org.testng.TestNG.run(TestNG.java:1048)
	at org.testng.TestNG.privateMain(TestNG.java:1355)
	at org.testng.TestNG.main(TestNG.java:1324)
]]>
    </error>
  </testcase> <!-- scrollTest -->
</testsuite> <!-- mwo.tests.LoginTests -->
