<?xml version="1.0" encoding="UTF-8"?>
<!-- Generated by org.testng.reporters.JUnitReportReporter -->
<testsuite hostname="BDC7-L-1Z7XLV1" name="mwo.tests.SyncTests" tests="2" failures="0" timestamp="31 Mar 2017 09:37:55 GMT" time="738.158" errors="2">
  <testcase name="syncVerification" time="71.685" classname="mwo.tests.SyncTests">
    <error type="org.openqa.selenium.WebDriverException" message="An unknown server-side error occurred while processing the command. (WARNING: The server did not provide any stacktrace information)
Command duration or timeout: 125 milliseconds
Build info: version: &#039;2.53.0&#039;, revision: &#039;35ae25b&#039;, time: &#039;2016-03-15 16:57:40&#039;
System info: host: &#039;BDC7-L-1Z7XLV1&#039;, ip: &#039;10.246.73.41&#039;, os.name: &#039;Windows 10&#039;, os.arch: &#039;amd64&#039;, os.version: &#039;10.0&#039;, java.version: &#039;1.8.0_121&#039;
Driver info: io.appium.java_client.android.AndroidDriver
Capabilities [{appPackage=com.ifsworld.mworkorderapps9, app=./binaries/MobileWorkOrder_BNT.apk, networkConnectionEnabled=true, noReset=true, warnings={}, appWaitPackage=com.ifsworld.mworkorderapps9, databaseEnabled=false, version=, deviceName=701014be, platform=ANDROID, deviceUDID=701014be, appActivity=com.ifsworld.mworkorder.LauncherActivity, desired={appPackage=com.ifsworld.mworkorderapps9, app=./binaries/MobileWorkOrder_BNT.apk, noReset=true, appWaitPackage=com.ifsworld.mworkorderapps9, version=, deviceName=701014be, platform=ANDROID, appActivity=com.ifsworld.mworkorder.LauncherActivity, platformVersion=5.0.1, automationName=Appium, browserName=android, takesScreenshot=true, platformName=Android, autoAcceptAlerts=true}, platformVersion=5.0.1, webStorageEnabled=false, locationContextEnabled=false, automationName=Appium, takesScreenshot=true, browserName=android, javascriptEnabled=true, platformName=Android, autoAcceptAlerts=true}]
Session ID: 547f2812-f5d5-49dd-b216-ee7bdf828888
*** Element info: {Using=xpath, value=//android.widget.EditText[contains(@resource-id,&#039;com.ifsworld.mworkorderapps9:id/password&#039;)]}">
      <![CDATA[org.openqa.selenium.WebDriverException: An unknown server-side error occurred while processing the command. (WARNING: The server did not provide any stacktrace information)
Command duration or timeout: 125 milliseconds
Build info: version: '2.53.0', revision: '35ae25b', time: '2016-03-15 16:57:40'
System info: host: 'BDC7-L-1Z7XLV1', ip: '10.246.73.41', os.name: 'Windows 10', os.arch: 'amd64', os.version: '10.0', java.version: '1.8.0_121'
Driver info: io.appium.java_client.android.AndroidDriver
Capabilities [{appPackage=com.ifsworld.mworkorderapps9, app=./binaries/MobileWorkOrder_BNT.apk, networkConnectionEnabled=true, noReset=true, warnings={}, appWaitPackage=com.ifsworld.mworkorderapps9, databaseEnabled=false, version=, deviceName=701014be, platform=ANDROID, deviceUDID=701014be, appActivity=com.ifsworld.mworkorder.LauncherActivity, desired={appPackage=com.ifsworld.mworkorderapps9, app=./binaries/MobileWorkOrder_BNT.apk, noReset=true, appWaitPackage=com.ifsworld.mworkorderapps9, version=, deviceName=701014be, platform=ANDROID, appActivity=com.ifsworld.mworkorder.LauncherActivity, platformVersion=5.0.1, automationName=Appium, browserName=android, takesScreenshot=true, platformName=Android, autoAcceptAlerts=true}, platformVersion=5.0.1, webStorageEnabled=false, locationContextEnabled=false, automationName=Appium, takesScreenshot=true, browserName=android, javascriptEnabled=true, platformName=Android, autoAcceptAlerts=true}]
Session ID: 547f2812-f5d5-49dd-b216-ee7bdf828888
*** Element info: {Using=xpath, value=//android.widget.EditText[contains(@resource-id,'com.ifsworld.mworkorderapps9:id/password')]}
	at sun.reflect.NativeConstructorAccessorImpl.newInstance0(Native Method)
	at sun.reflect.NativeConstructorAccessorImpl.newInstance(NativeConstructorAccessorImpl.java:62)
	at sun.reflect.DelegatingConstructorAccessorImpl.newInstance(DelegatingConstructorAccessorImpl.java:45)
	at java.lang.reflect.Constructor.newInstance(Constructor.java:423)
	at org.openqa.selenium.remote.ErrorHandler.createThrowable(ErrorHandler.java:206)
	at org.openqa.selenium.remote.ErrorHandler.throwIfResponseFailed(ErrorHandler.java:158)
	at org.openqa.selenium.remote.RemoteWebDriver.execute(RemoteWebDriver.java:678)
	at io.appium.java_client.DefaultGenericMobileDriver.execute(DefaultGenericMobileDriver.java:43)
	at io.appium.java_client.AppiumDriver.execute(AppiumDriver.java:1)
	at io.appium.java_client.android.AndroidDriver.execute(AndroidDriver.java:1)
	at org.openqa.selenium.remote.RemoteWebDriver.findElements(RemoteWebDriver.java:388)
	at org.openqa.selenium.remote.RemoteWebDriver.findElementsByXPath(RemoteWebDriver.java:504)
	at io.appium.java_client.DefaultGenericMobileDriver.findElementsByXPath(DefaultGenericMobileDriver.java:133)
	at io.appium.java_client.AppiumDriver.findElementsByXPath(AppiumDriver.java:208)
	at org.openqa.selenium.By$ByXPath.findElements(By.java:356)
	at org.openqa.selenium.remote.RemoteWebDriver.findElements(RemoteWebDriver.java:351)
	at io.appium.java_client.DefaultGenericMobileDriver.findElements(DefaultGenericMobileDriver.java:47)
	at io.appium.java_client.AppiumDriver.findElements(AppiumDriver.java:176)
	at io.appium.java_client.pagefactory.bys.ContentMappedBy.findElements(ContentMappedBy.java:37)
	at org.openqa.selenium.remote.RemoteWebDriver.findElements(RemoteWebDriver.java:351)
	at io.appium.java_client.DefaultGenericMobileDriver.findElements(DefaultGenericMobileDriver.java:47)
	at io.appium.java_client.AppiumDriver.findElements(AppiumDriver.java:176)
	at io.appium.java_client.pagefactory.AppiumElementLocator$WaitingFunction.apply(AppiumElementLocator.java:141)
	at io.appium.java_client.pagefactory.AppiumElementLocator$WaitingFunction.apply(AppiumElementLocator.java:1)
	at org.openqa.selenium.support.ui.FluentWait.until(FluentWait.java:238)
	at io.appium.java_client.pagefactory.AppiumElementLocator.waitFor(AppiumElementLocator.java:75)
	at io.appium.java_client.pagefactory.AppiumElementLocator.findElement(AppiumElementLocator.java:90)
	at io.appium.java_client.pagefactory.interceptors.InterceptorOfASingleElement.intercept(InterceptorOfASingleElement.java:52)
	at io.appium.java_client.android.AndroidElement$$EnhancerByCGLIB$$7f2b795c.sendKeys(<generated>)
	at mwo.pages.LoginPage.enterStringIntoTextField(Unknown Source)
	at mwo.pages.LoginPage.activationAlertDisplay(Unknown Source)
	at mwo.pages.LoginPage.validLoginFunctionality(Unknown Source)
	at mwo.tests.SyncTests.syncVerification(Unknown Source)
	at sun.reflect.NativeMethodAccessorImpl.invoke0(Native Method)
	at sun.reflect.NativeMethodAccessorImpl.invoke(NativeMethodAccessorImpl.java:62)
	at sun.reflect.DelegatingMethodAccessorImpl.invoke(DelegatingMethodAccessorImpl.java:43)
	at java.lang.reflect.Method.invoke(Method.java:498)
	at org.testng.internal.MethodInvocationHelper.invokeMethod(MethodInvocationHelper.java:85)
	at org.testng.internal.Invoker.invokeMethod(Invoker.java:639)
	at org.testng.internal.Invoker.invokeTestMethod(Invoker.java:816)
	at org.testng.internal.Invoker.invokeTestMethods(Invoker.java:1124)
	at org.testng.internal.TestMethodWorker.invokeTestMethods(TestMethodWorker.java:125)
	at org.testng.internal.TestMethodWorker.run(TestMethodWorker.java:108)
	at org.testng.TestRunner.privateRun(TestRunner.java:774)
	at org.testng.TestRunner.run(TestRunner.java:624)
	at org.testng.SuiteRunner.runTest(SuiteRunner.java:359)
	at org.testng.SuiteRunner.runSequentially(SuiteRunner.java:354)
	at org.testng.SuiteRunner.privateRun(SuiteRunner.java:312)
	at org.testng.SuiteRunner.run(SuiteRunner.java:261)
	at org.testng.SuiteRunnerWorker.runSuite(SuiteRunnerWorker.java:52)
	at org.testng.SuiteRunnerWorker.run(SuiteRunnerWorker.java:86)
	at org.testng.TestNG.runSuitesSequentially(TestNG.java:1215)
	at org.testng.TestNG.runSuitesLocally(TestNG.java:1140)
	at org.testng.TestNG.run(TestNG.java:1048)
	at org.testng.TestNG.privateMain(TestNG.java:1355)
	at org.testng.TestNG.main(TestNG.java:1324)
]]>
    </error>
  </testcase> <!-- syncVerification -->
  <testcase name="syncInterruption" time="666.473" classname="mwo.tests.SyncTests">
    <error type="org.openqa.selenium.remote.SessionNotFoundException" message="A session is either terminated or not started (WARNING: The server did not provide any stacktrace information)
Command duration or timeout: 5 milliseconds
Build info: version: &#039;2.53.0&#039;, revision: &#039;35ae25b&#039;, time: &#039;2016-03-15 16:57:40&#039;
System info: host: &#039;BDC7-L-1Z7XLV1&#039;, ip: &#039;10.246.73.41&#039;, os.name: &#039;Windows 10&#039;, os.arch: &#039;amd64&#039;, os.version: &#039;10.0&#039;, java.version: &#039;1.8.0_121&#039;
Driver info: io.appium.java_client.android.AndroidDriver
Capabilities [{appPackage=com.ifsworld.mworkorderapps9, app=./binaries/MobileWorkOrder_BNT.apk, networkConnectionEnabled=true, noReset=true, warnings={}, appWaitPackage=com.ifsworld.mworkorderapps9, databaseEnabled=false, version=, deviceName=701014be, platform=ANDROID, deviceUDID=701014be, appActivity=com.ifsworld.mworkorder.LauncherActivity, desired={appPackage=com.ifsworld.mworkorderapps9, app=./binaries/MobileWorkOrder_BNT.apk, noReset=true, appWaitPackage=com.ifsworld.mworkorderapps9, version=, deviceName=701014be, platform=ANDROID, appActivity=com.ifsworld.mworkorder.LauncherActivity, platformVersion=5.0.1, automationName=Appium, browserName=android, takesScreenshot=true, platformName=Android, autoAcceptAlerts=true}, platformVersion=5.0.1, webStorageEnabled=false, locationContextEnabled=false, automationName=Appium, takesScreenshot=true, browserName=android, javascriptEnabled=true, platformName=Android, autoAcceptAlerts=true}]
Session ID: eee3648c-2357-47b0-a9b6-b66c31a0f2f3">
      <![CDATA[org.openqa.selenium.remote.SessionNotFoundException: A session is either terminated or not started (WARNING: The server did not provide any stacktrace information)
Command duration or timeout: 5 milliseconds
Build info: version: '2.53.0', revision: '35ae25b', time: '2016-03-15 16:57:40'
System info: host: 'BDC7-L-1Z7XLV1', ip: '10.246.73.41', os.name: 'Windows 10', os.arch: 'amd64', os.version: '10.0', java.version: '1.8.0_121'
Driver info: io.appium.java_client.android.AndroidDriver
Capabilities [{appPackage=com.ifsworld.mworkorderapps9, app=./binaries/MobileWorkOrder_BNT.apk, networkConnectionEnabled=true, noReset=true, warnings={}, appWaitPackage=com.ifsworld.mworkorderapps9, databaseEnabled=false, version=, deviceName=701014be, platform=ANDROID, deviceUDID=701014be, appActivity=com.ifsworld.mworkorder.LauncherActivity, desired={appPackage=com.ifsworld.mworkorderapps9, app=./binaries/MobileWorkOrder_BNT.apk, noReset=true, appWaitPackage=com.ifsworld.mworkorderapps9, version=, deviceName=701014be, platform=ANDROID, appActivity=com.ifsworld.mworkorder.LauncherActivity, platformVersion=5.0.1, automationName=Appium, browserName=android, takesScreenshot=true, platformName=Android, autoAcceptAlerts=true}, platformVersion=5.0.1, webStorageEnabled=false, locationContextEnabled=false, automationName=Appium, takesScreenshot=true, browserName=android, javascriptEnabled=true, platformName=Android, autoAcceptAlerts=true}]
Session ID: eee3648c-2357-47b0-a9b6-b66c31a0f2f3
	at sun.reflect.NativeConstructorAccessorImpl.newInstance0(Native Method)
	at sun.reflect.NativeConstructorAccessorImpl.newInstance(NativeConstructorAccessorImpl.java:62)
	at sun.reflect.DelegatingConstructorAccessorImpl.newInstance(DelegatingConstructorAccessorImpl.java:45)
	at java.lang.reflect.Constructor.newInstance(Constructor.java:423)
	at org.openqa.selenium.remote.ErrorHandler.createThrowable(ErrorHandler.java:206)
	at org.openqa.selenium.remote.ErrorHandler.throwIfResponseFailed(ErrorHandler.java:158)
	at org.openqa.selenium.remote.RemoteWebDriver.execute(RemoteWebDriver.java:678)
	at io.appium.java_client.DefaultGenericMobileDriver.execute(DefaultGenericMobileDriver.java:43)
	at io.appium.java_client.AppiumDriver.execute(AppiumDriver.java:1)
	at io.appium.java_client.android.AndroidDriver.execute(AndroidDriver.java:1)
	at org.openqa.selenium.remote.RemoteWebDriver$RemoteWebDriverOptions$RemoteTimeouts.implicitlyWait(RemoteWebDriver.java:865)
	at io.appium.java_client.pagefactory.AppiumElementLocator.changeImplicitlyWaitTimeOut(AppiumElementLocator.java:62)
	at io.appium.java_client.pagefactory.AppiumElementLocator.waitFor(AppiumElementLocator.java:79)
	at io.appium.java_client.pagefactory.AppiumElementLocator.findElement(AppiumElementLocator.java:90)
	at io.appium.java_client.pagefactory.interceptors.InterceptorOfASingleElement.intercept(InterceptorOfASingleElement.java:52)
	at io.appium.java_client.android.AndroidElement$$EnhancerByCGLIB$$7f2b795c.isDisplayed(<generated>)
	at mwo.pages.NewWOPage.enterDirectiveDescription(Unknown Source)
	at mwo.tests.SyncTests.syncInterruption(Unknown Source)
	at sun.reflect.NativeMethodAccessorImpl.invoke0(Native Method)
	at sun.reflect.NativeMethodAccessorImpl.invoke(NativeMethodAccessorImpl.java:62)
	at sun.reflect.DelegatingMethodAccessorImpl.invoke(DelegatingMethodAccessorImpl.java:43)
	at java.lang.reflect.Method.invoke(Method.java:498)
	at org.testng.internal.MethodInvocationHelper.invokeMethod(MethodInvocationHelper.java:85)
	at org.testng.internal.Invoker.invokeMethod(Invoker.java:639)
	at org.testng.internal.Invoker.invokeTestMethod(Invoker.java:816)
	at org.testng.internal.Invoker.invokeTestMethods(Invoker.java:1124)
	at org.testng.internal.TestMethodWorker.invokeTestMethods(TestMethodWorker.java:125)
	at org.testng.internal.TestMethodWorker.run(TestMethodWorker.java:108)
	at org.testng.TestRunner.privateRun(TestRunner.java:774)
	at org.testng.TestRunner.run(TestRunner.java:624)
	at org.testng.SuiteRunner.runTest(SuiteRunner.java:359)
	at org.testng.SuiteRunner.runSequentially(SuiteRunner.java:354)
	at org.testng.SuiteRunner.privateRun(SuiteRunner.java:312)
	at org.testng.SuiteRunner.run(SuiteRunner.java:261)
	at org.testng.SuiteRunnerWorker.runSuite(SuiteRunnerWorker.java:52)
	at org.testng.SuiteRunnerWorker.run(SuiteRunnerWorker.java:86)
	at org.testng.TestNG.runSuitesSequentially(TestNG.java:1215)
	at org.testng.TestNG.runSuitesLocally(TestNG.java:1140)
	at org.testng.TestNG.run(TestNG.java:1048)
	at org.testng.TestNG.privateMain(TestNG.java:1355)
	at org.testng.TestNG.main(TestNG.java:1324)
]]>
    </error>
  </testcase> <!-- syncInterruption -->
</testsuite> <!-- mwo.tests.SyncTests -->
