<?xml version="1.0" encoding="UTF-8"?>
<!-- Generated by org.testng.reporters.JUnitReportReporter -->
<testsuite hostname="BDC7-L-1Z7XLV1" name="mwo.tests.LoginTests" tests="3" failures="0" timestamp="30 Jan 2017 12:43:08 GMT" time="692.196" errors="0">
  <testcase name="inValidLoginTest" time="132.979" classname="mwo.tests.LoginTests"/>
  <testcase name="validLoginTest" time="379.495" classname="mwo.tests.LoginTests"/>
  <testcase name="launchInvalidWorkOrder" time="179.722" classname="mwo.tests.LoginTests"/>
</testsuite> <!-- mwo.tests.LoginTests -->
