<?xml version="1.0" encoding="UTF-8"?>
<!-- Generated by org.testng.reporters.JUnitReportReporter -->
<testsuite hostname="BDC7-L-1Z7XLV1" name="mwo.tests.LoginTests" tests="1" failures="0" timestamp="20 Jan 2017 15:59:42 GMT" time="241.849" errors="0">
  <testcase name="validLoginTest" time="241.849" classname="mwo.tests.LoginTests"/>
</testsuite> <!-- mwo.tests.LoginTests -->
