<?xml version="1.0" encoding="UTF-8"?>
<!-- Generated by org.testng.reporters.JUnitReportReporter -->
<testsuite hostname="BDC7-L-1Z7XLV1" name="mwo.tests.LoginTests" tests="1" failures="0" timestamp="3 Feb 2017 15:46:44 GMT" time="155.536" errors="0">
  <testcase name="scrollTest" time="155.536" classname="mwo.tests.LoginTests"/>
</testsuite> <!-- mwo.tests.LoginTests -->
