<?xml version="1.0" encoding="UTF-8"?>
<!-- Generated by org.testng.reporters.JUnitReportReporter -->
<testsuite hostname="BDC7-L-1Z7XLV1" name="mwo.tests.GPMergeTests" tests="7" failures="0" timestamp="13 Jun 2017 13:44:06 GMT" time="1470.748" errors="0">
  <testcase name="addPictureToTheWO" time="369.687" classname="mwo.tests.GPMergeTests"/>
  <testcase name="activateUserAndIssueMaterialRequest" time="228.673" classname="mwo.tests.GPMergeTests"/>
  <testcase name="addExpenseClaimToTheWO" time="190.965" classname="mwo.tests.GPMergeTests"/>
  <testcase name="verifyUIDesignerAccessAndAddTimeReportToTheWO" time="188.608" classname="mwo.tests.GPMergeTests"/>
  <testcase name="ObjectMeasurementsClientToEE" time="111.813" classname="mwo.tests.GPMergeTests"/>
  <testcase name="CreateNewWOFromClient" time="163.855" classname="mwo.tests.GPMergeTests"/>
  <testcase name="completeWorkOrder" time="217.147" classname="mwo.tests.GPMergeTests"/>
</testsuite> <!-- mwo.tests.GPMergeTests -->
